<?xml version="1.0" encoding="UTF-8"?>
<!-- Generated by org.testng.reporters.JUnitReportReporter -->
<testsuite hostname="EPBYMINW0FE4" failures="0" tests="1" name="com.amazon.tests.addtocart.AddProductToCartTest" time="17.248" errors="0" timestamp="2023-10-19T19:34:15 CEST" skipped="0">
  <testcase classname="com.amazon.tests.addtocart.AddProductToCartTest" name="addProductToCartTest" time="17.248"/>
  <system-out/>
</testsuite> <!-- com.amazon.tests.addtocart.AddProductToCartTest -->
