<?xml version="1.0" encoding="UTF-8"?>
<!-- Generated by org.testng.reporters.JUnitReportReporter -->
<testsuite hostname="EPBYMINW0FE4" failures="0" tests="7" name="com.amazon.tests.searchbox.NegativeSearchBoxTests" time="24.401" errors="0" timestamp="2023-10-19T19:34:15 CEST" skipped="0">
  <testcase classname="com.amazon.tests.searchbox.NegativeSearchBoxTests" name="invalidInputIntoSearchBoxTest" time="2.684"/>
  <system-out/>
  <testcase classname="com.amazon.tests.searchbox.NegativeSearchBoxTests" name="invalidInputIntoSearchBoxTest" time="2.420"/>
  <system-out/>
  <testcase classname="com.amazon.tests.searchbox.NegativeSearchBoxTests" name="invalidInputIntoSearchBoxTest" time="2.742"/>
  <system-out/>
  <testcase classname="com.amazon.tests.searchbox.NegativeSearchBoxTests" name="spellingErrorInputIntoSearchBoxTest" time="3.060"/>
  <system-out/>
  <testcase classname="com.amazon.tests.searchbox.NegativeSearchBoxTests" name="emptyInputIntoSearchBoxTest" time="7.647"/>
  <system-out/>
  <testcase classname="com.amazon.tests.searchbox.NegativeSearchBoxTests" name="spellingErrorInputIntoSearchBoxTest" time="2.638"/>
  <system-out/>
  <testcase classname="com.amazon.tests.searchbox.NegativeSearchBoxTests" name="spellingErrorInputIntoSearchBoxTest" time="3.210"/>
  <system-out/>
</testsuite> <!-- com.amazon.tests.searchbox.NegativeSearchBoxTests -->
