<?xml version="1.0" encoding="UTF-8"?>
<!-- Generated by org.testng.reporters.JUnitReportReporter -->
<testsuite hostname="EPBYMINW0FE4" failures="0" tests="1" name="com.amazon.tests.youraccount.YourAccountTests" time="8.407" errors="0" timestamp="2023-10-19T19:34:15 CEST" skipped="0">
  <testcase classname="com.amazon.tests.youraccount.YourAccountTests" name="yourAccountTest" time="8.407"/>
  <system-out/>
</testsuite> <!-- com.amazon.tests.youraccount.YourAccountTests -->
